[2025-04-13 08:00] (107) Let's meet at 5
[2025-04-13 08:04] (109) Happy birthday!
[2025-04-13 08:05] (108) Can you send the file?
[2025-04-13 08:07] (108) Happy birthday!
[2025-04-13 08:11] (103) Let's meet at 5
[2025-04-13 08:13] (105) Thanks for your help
[2025-04-13 08:17] (101) What time is the event?
[2025-04-13 08:19] (109) See you soon!
[2025-04-13 08:23] (105) Great job today
[2025-04-13 08:24] (109) Thanks for your help
[2025-04-13 08:25] (102) Don't forget the meeting
[2025-04-13 08:29] (105) No worries, take care
[2025-04-13 08:33] (104) Don't forget the meeting
[2025-04-13 08:36] (105) All good here
[2025-04-13 08:38] (105) Can you send the file?
[2025-04-13 08:43] (107) How are you?
[2025-04-13 08:44] (107) Hello there
[2025-04-13 08:47] (107) Don't forget the meeting
[2025-04-13 08:50] (104) Thanks for your help
[2025-04-13 08:53] (107) No worries, take care
[2025-04-13 08:56] (106) All good here
[2025-04-13 08:57] (103) How are you?
[2025-04-13 08:59] (106) How are you?
[2025-04-13 09:04] (102) Let's meet at 5
[2025-04-13 09:08] (102) Good morning everyone
[2025-04-13 09:12] (108) Thanks for your help
[2025-04-13 09:16] (104) How are you?
[2025-04-13 09:19] (101) See you soon!
[2025-04-13 09:21] (106) No worries, take care
[2025-04-13 09:22] (103) See you soon!
[2025-04-13 09:27] (104) Don't forget the meeting
[2025-04-13 09:29] (102) No worries, take care
[2025-04-13 09:34] (104) Happy birthday!
[2025-04-13 09:37] (105) What time is the event?
[2025-04-13 09:42] (108) Happy birthday!
[2025-04-13 09:45] (102) No worries, take care
[2025-04-13 09:47] (109) Good morning everyone
[2025-04-13 09:50] (103) Happy birthday!
[2025-04-13 09:51] (106) Can you send the file?
[2025-04-13 09:53] (107) Thanks for your help
[2025-04-13 09:57] (108) What time is the event?
[2025-04-13 10:02] (101) All good here
[2025-04-13 10:06] (104) All good here
[2025-04-13 10:11] (106) Hello there
[2025-04-13 10:12] (102) All good here
[2025-04-13 10:15] (108) Good morning everyone
[2025-04-13 10:20] (106) Good morning everyone
[2025-04-13 10:22] (106) Thanks for your help
[2025-04-13 10:27] (104) All good here
[2025-04-13 10:31] (106) Let's meet at 5
[2025-04-13 10:32] (110) See you soon!
[2025-04-13 10:36] (104) Don't forget the meeting
[2025-04-13 10:38] (104) Thanks for your help
[2025-04-13 10:40] (110) No worries, take care
[2025-04-13 10:41] (102) Can you send the file?
[2025-04-13 10:43] (107) Great job today
[2025-04-13 10:46] (110) Don't forget the meeting
[2025-04-13 10:51] (109) See you soon!
[2025-04-13 10:56] (103) Let's meet at 5
[2025-04-13 10:59] (110) I'll call you later
[2025-04-13 11:00] (106) Happy birthday!
[2025-04-13 11:01] (102) What time is the event?
[2025-04-13 11:02] (104) What time is the event?
[2025-04-13 11:06] (104) All good here
[2025-04-13 11:08] (109) Good morning everyone
[2025-04-13 11:13] (109) Don't forget the meeting
[2025-04-13 11:14] (101) Happy birthday!
[2025-04-13 11:19] (109) I'll call you later
[2025-04-13 11:24] (107) How are you?
[2025-04-13 11:26] (104) Can you send the file?
[2025-04-13 11:29] (106) I'll call you later
[2025-04-13 11:34] (103) No worries, take care
[2025-04-13 11:38] (101) What time is the event?
[2025-04-13 11:40] (107) Let's meet at 5
[2025-04-13 11:44] (107) No worries, take care
[2025-04-13 11:48] (107) Don't forget the meeting
[2025-04-13 11:51] (104) See you soon!
[2025-04-13 11:56] (101) I'll call you later
[2025-04-13 11:58] (108) Let's meet at 5
[2025-04-13 12:00] (101) Good morning everyone
[2025-04-13 12:03] (109) See you soon!
[2025-04-13 12:04] (107) Let's meet at 5
[2025-04-13 12:05] (103) I'll call you later
[2025-04-13 12:10] (104) Thanks for your help
[2025-04-13 12:13] (106) No worries, take care
[2025-04-13 12:17] (106) Don't forget the meeting
[2025-04-13 12:18] (106) Can you send the file?
[2025-04-13 12:22] (102) Can you send the file?
[2025-04-13 12:27] (103) Good morning everyone
[2025-04-13 12:32] (107) Hello there
[2025-04-13 12:36] (110) Don't forget the meeting
[2025-04-13 12:40] (103) Good morning everyone
[2025-04-13 12:43] (110) Hello there
[2025-04-13 12:45] (107) All good here
[2025-04-13 12:47] (104) All good here
[2025-04-13 12:48] (107) See you soon!
[2025-04-13 12:53] (110) I'm running late
[2025-04-13 12:55] (102) Good morning everyone
[2025-04-13 12:56] (105) Hello there
[2025-04-13 13:00] (109) Hello there
[2025-04-13 13:02] (107) No worries, take care
[2025-04-13 13:06] (105) Let's meet at 5
[2025-04-13 13:10] (110) Hello there
[2025-04-13 13:11] (108) Good morning everyone
[2025-04-13 13:12] (104) See you soon!
[2025-04-13 13:15] (103) See you soon!
[2025-04-13 13:19] (108) Can you send the file?
[2025-04-13 13:21] (110) Good morning everyone
[2025-04-13 13:22] (104) Let's meet at 5
[2025-04-13 13:24] (110) See you soon!
[2025-04-13 13:28] (104) No worries, take care
[2025-04-13 13:30] (107) Great job today
[2025-04-13 13:34] (108) I'm running late
[2025-04-13 13:39] (108) Great job today
[2025-04-13 13:42] (101) Can you send the file?
[2025-04-13 13:46] (105) Hello there
[2025-04-13 13:50] (101) Good morning everyone
[2025-04-13 13:51] (106) No worries, take care
[2025-04-13 13:54] (103) Great job today
[2025-04-13 13:56] (104) Let's meet at 5
[2025-04-13 13:58] (109) Hello there
[2025-04-13 14:03] (101) I'll call you later
[2025-04-13 14:07] (104) Can you send the file?
[2025-04-13 14:08] (103) What time is the event?
[2025-04-13 14:12] (109) See you soon!
[2025-04-13 14:13] (102) How are you?
[2025-04-13 14:15] (110) No worries, take care
[2025-04-13 14:17] (105) Thanks for your help
[2025-04-13 14:19] (101) Good morning everyone
[2025-04-13 14:20] (102) I'm running late
[2025-04-13 14:25] (106) How are you?
[2025-04-13 14:28] (106) Happy birthday!
[2025-04-13 14:31] (102) I'll call you later
[2025-04-13 14:36] (101) Don't forget the meeting
[2025-04-13 14:37] (106) Can you send the file?
[2025-04-13 14:39] (108) What time is the event?
[2025-04-13 14:40] (106) Great job today
[2025-04-13 14:44] (109) No worries, take care
[2025-04-13 14:47] (104) See you soon!
[2025-04-13 14:52] (104) I'm running late
[2025-04-13 14:56] (103) Can you send the file?
[2025-04-13 14:57] (102) Happy birthday!
[2025-04-13 15:01] (101) I'll call you later
[2025-04-13 15:05] (101) How are you?
[2025-04-13 15:06] (101) Thanks for your help
[2025-04-13 15:10] (108) Don't forget the meeting
[2025-04-13 15:11] (107) How are you?
[2025-04-13 15:15] (109) What time is the event?
[2025-04-13 15:17] (109) No worries, take care
[2025-04-13 15:20] (107) Good morning everyone
[2025-04-13 15:22] (102) Happy birthday!
[2025-04-13 15:23] (106) Don't forget the meeting
[2025-04-13 15:24] (102) I'm running late
[2025-04-13 15:26] (110) Hello there
[2025-04-13 15:28] (108) How are you?
[2025-04-13 15:31] (104) Happy birthday!
[2025-04-13 15:35] (102) I'm running late
[2025-04-13 15:39] (108) Happy birthday!
[2025-04-13 15:41] (104) Good morning everyone
[2025-04-13 15:42] (108) See you soon!
[2025-04-13 15:43] (106) Let's meet at 5
[2025-04-13 15:48] (102) Happy birthday!
[2025-04-13 15:53] (110) I'll call you later
[2025-04-13 15:55] (108) Thanks for your help
[2025-04-13 15:57] (107) Don't forget the meeting
[2025-04-13 16:00] (108) Hello there
[2025-04-13 16:02] (109) Can you send the file?
[2025-04-13 16:07] (108) Great job today
[2025-04-13 16:12] (101) All good here
[2025-04-13 16:15] (102) Can you send the file?
[2025-04-13 16:16] (105) What time is the event?
[2025-04-13 16:18] (105) All good here
[2025-04-13 16:19] (107) Good morning everyone
[2025-04-13 16:22] (109) Can you send the file?
[2025-04-13 16:24] (103) Thanks for your help
[2025-04-13 16:27] (109) Can you send the file?
[2025-04-13 16:28] (105) Let's meet at 5
[2025-04-13 16:30] (108) What time is the event?
[2025-04-13 16:32] (110) Don't forget the meeting
[2025-04-13 16:33] (110) Good morning everyone
[2025-04-13 16:35] (103) Great job today
[2025-04-13 16:39] (104) Let's meet at 5
[2025-04-13 16:40] (103) Don't forget the meeting
[2025-04-13 16:45] (108) Hello there
[2025-04-13 16:48] (105) Let's meet at 5
[2025-04-13 16:52] (106) I'll call you later
[2025-04-13 16:55] (106) I'll call you later
[2025-04-13 16:58] (104) All good here
[2025-04-13 17:00] (108) I'm running late
[2025-04-13 17:05] (108) All good here
[2025-04-13 17:07] (103) Let's meet at 5
[2025-04-13 17:08] (106) Thanks for your help
[2025-04-13 17:13] (105) I'll call you later
[2025-04-13 17:17] (104) All good here
[2025-04-13 17:22] (103) Let's meet at 5
[2025-04-13 17:24] (103) How are you?
[2025-04-13 17:27] (101) Good morning everyone
[2025-04-13 17:28] (110) Let's meet at 5
[2025-04-13 17:31] (106) How are you?
[2025-04-13 17:33] (109) All good here
[2025-04-13 17:36] (103) I'm running late
[2025-04-13 17:41] (110) Thanks for your help
[2025-04-13 17:46] (106) Happy birthday!
[2025-04-13 17:48] (110) Don't forget the meeting
[2025-04-13 17:53] (103) Great job today
[2025-04-13 17:54] (108) How are you?
[2025-04-13 17:57] (101) I'm running late
[2025-04-13 18:02] (110) Thanks for your help
[2025-04-13 18:03] (110) Let's meet at 5
[2025-04-13 18:06] (105) How are you?
[2025-04-13 18:11] (104) Good morning everyone
[2025-04-13 18:12] (101) All good here
[2025-04-13 18:13] (102) Don't forget the meeting
[2025-04-13 18:17] (105) Happy birthday!
[2025-04-13 18:22] (106) All good here
[2025-04-13 18:27] (107) How are you?
[2025-04-13 18:31] (103) I'm running late
[2025-04-13 18:35] (102) Thanks for your help
[2025-04-13 18:40] (101) Don't forget the meeting
[2025-04-13 18:41] (105) Good morning everyone
[2025-04-13 18:45] (106) What time is the event?
[2025-04-13 18:50] (110) No worries, take care
[2025-04-13 18:55] (102) I'll call you later
[2025-04-13 18:56] (107) All good here
[2025-04-13 18:57] (104) Hello there
[2025-04-13 19:02] (109) Let's meet at 5
[2025-04-13 19:07] (108) Thanks for your help
[2025-04-13 19:08] (109) No worries, take care
[2025-04-13 19:12] (105) Hello there
[2025-04-13 19:16] (104) See you soon!
[2025-04-13 19:21] (109) What time is the event?
[2025-04-13 19:26] (109) Great job today
[2025-04-13 19:31] (110) Can you send the file?
[2025-04-13 19:34] (102) Don't forget the meeting
[2025-04-13 19:36] (106) Good morning everyone
[2025-04-13 19:37] (101) Hello there
[2025-04-13 19:41] (106) Happy birthday!
[2025-04-13 19:43] (107) See you soon!
[2025-04-13 19:48] (102) How are you?
[2025-04-13 19:50] (106) Great job today
[2025-04-13 19:54] (101) Don't forget the meeting
[2025-04-13 19:58] (109) What time is the event?
[2025-04-13 20:02] (109) See you soon!
[2025-04-13 20:07] (101) How are you?
[2025-04-13 20:12] (105) Thanks for your help
[2025-04-13 20:17] (105) Good morning everyone
[2025-04-13 20:18] (110) How are you?
[2025-04-13 20:22] (109) Don't forget the meeting
[2025-04-13 20:23] (103) Good morning everyone
[2025-04-13 20:27] (102) Don't forget the meeting
[2025-04-13 20:29] (110) Thanks for your help
[2025-04-13 20:34] (105) Don't forget the meeting
[2025-04-13 20:37] (109) See you soon!
[2025-04-13 20:42] (102) Good morning everyone
[2025-04-13 20:46] (102) I'm running late
[2025-04-13 20:51] (107) All good here
[2025-04-13 20:52] (108) No worries, take care
[2025-04-13 20:54] (103) See you soon!
[2025-04-13 20:56] (109) Good morning everyone
[2025-04-13 21:00] (104) Good morning everyone
[2025-04-13 21:05] (105) I'll call you later
[2025-04-13 21:08] (105) I'll call you later
[2025-04-13 21:10] (105) Don't forget the meeting
[2025-04-13 21:12] (110) Good morning everyone
[2025-04-13 21:16] (107) Happy birthday!
[2025-04-13 21:20] (109) I'll call you later
[2025-04-13 21:21] (101) I'm running late
[2025-04-13 21:22] (108) Great job today
[2025-04-13 21:25] (107) I'll call you later
[2025-04-13 21:30] (107) No worries, take care
[2025-04-13 21:32] (101) Great job today
[2025-04-13 21:33] (105) Don't forget the meeting
[2025-04-13 21:34] (108) All good here
[2025-04-13 21:38] (105) See you soon!
[2025-04-13 21:39] (102) Can you send the file?
[2025-04-13 21:40] (103) Thanks for your help
[2025-04-13 21:44] (104) Happy birthday!
[2025-04-13 21:46] (106) I'll call you later
[2025-04-13 21:50] (108) Don't forget the meeting
[2025-04-13 21:52] (109) Good morning everyone
[2025-04-13 21:54] (110) Can you send the file?
[2025-04-13 21:56] (102) Let's meet at 5
[2025-04-13 21:57] (104) All good here
[2025-04-13 21:59] (107) See you soon!
[2025-04-13 22:04] (109) Great job today
[2025-04-13 22:08] (103) What time is the event?
[2025-04-13 22:09] (109) What time is the event?
[2025-04-13 22:14] (106) Don't forget the meeting
[2025-04-13 22:18] (103) I'll call you later
[2025-04-13 22:22] (103) I'll call you later
[2025-04-13 22:23] (108) I'll call you later
[2025-04-13 22:24] (102) Thanks for your help
[2025-04-13 22:27] (107) What time is the event?
[2025-04-13 22:31] (107) Don't forget the meeting
[2025-04-13 22:35] (108) How are you?
[2025-04-13 22:39] (105) How are you?
[2025-04-13 22:41] (103) How are you?
[2025-04-13 22:42] (101) Let's meet at 5
[2025-04-13 22:47] (110) Good morning everyone
[2025-04-13 22:48] (105) No worries, take care
[2025-04-13 22:49] (109) Thanks for your help
[2025-04-13 22:53] (110) I'm running late
[2025-04-13 22:58] (109) Good morning everyone
[2025-04-13 23:01] (102) How are you?
[2025-04-13 23:03] (107) Don't forget the meeting
[2025-04-13 23:08] (101) How are you?
[2025-04-13 23:09] (102) How are you?
[2025-04-13 23:14] (102) See you soon!
[2025-04-13 23:16] (108) What time is the event?
[2025-04-13 23:19] (103) Hello there
[2025-04-13 23:21] (104) Good morning everyone
[2025-04-13 23:23] (103) Hello there
[2025-04-13 23:24] (106) Great job today
[2025-04-13 23:27] (103) Don't forget the meeting
[2025-04-13 23:28] (106) Good morning everyone
[2025-04-13 23:33] (106) No worries, take care
[2025-04-13 23:38] (102) Can you send the file?
[2025-04-13 23:40] (101) How are you?
[2025-04-13 23:45] (101) Let's meet at 5
[2025-04-13 23:47] (103) See you soon!
[2025-04-13 23:50] (109) Let's meet at 5
[2025-04-13 23:54] (101) How are you?
[2025-04-13 23:56] (104) Great job today
[2025-04-13 23:57] (107) No worries, take care
[2025-04-13 23:58] (110) See you soon!
[2025-04-13 23:59] (101) No worries, take care
[2025-04-14 00:00] (101) See you soon!
[2025-04-14 00:05] (102) Don't forget the meeting
[2025-04-14 00:10] (104) Can you send the file?
[2025-04-14 00:13] (101) Don't forget the meeting
[2025-04-14 00:17] (106) What time is the event?
[2025-04-14 00:20] (107) All good here
[2025-04-14 00:24] (107) What time is the event?
[2025-04-14 00:27] (110) How are you?
[2025-04-14 00:32] (106) All good here
[2025-04-14 00:33] (102) I'm running late
[2025-04-14 00:38] (110) Great job today
[2025-04-14 00:42] (102) All good here
[2025-04-14 00:43] (102) Happy birthday!
[2025-04-14 00:45] (105) What time is the event?
[2025-04-14 00:48] (106) Great job today
[2025-04-14 00:51] (105) Hello there
[2025-04-14 00:53] (105) Can you send the file?
[2025-04-14 00:55] (106) Hello there
[2025-04-14 00:56] (105) I'll call you later
[2025-04-14 01:01] (109) Hello there
[2025-04-14 01:02] (107) I'm running late
[2025-04-14 01:06] (107) Great job today
[2025-04-14 01:10] (108) All good here
[2025-04-14 01:14] (110) What time is the event?
[2025-04-14 01:17] (108) Hello there
[2025-04-14 01:18] (105) All good here
[2025-04-14 01:23] (109) See you soon!
[2025-04-14 01:25] (105) All good here
[2025-04-14 01:29] (106) No worries, take care
[2025-04-14 01:34] (104) What time is the event?
[2025-04-14 01:36] (103) Good morning everyone
[2025-04-14 01:37] (102) Thanks for your help
[2025-04-14 01:41] (104) See you soon!
[2025-04-14 01:43] (107) Can you send the file?
[2025-04-14 01:46] (104) No worries, take care
[2025-04-14 01:50] (107) Don't forget the meeting
[2025-04-14 01:55] (101) I'm running late
[2025-04-14 01:56] (110) Can you send the file?
[2025-04-14 01:59] (110) I'll call you later
[2025-04-14 02:04] (105) Great job today
[2025-04-14 02:06] (102) How are you?
[2025-04-14 02:11] (109) Hello there
[2025-04-14 02:12] (110) Don't forget the meeting
[2025-04-14 02:15] (109) Don't forget the meeting
[2025-04-14 02:19] (101) No worries, take care
[2025-04-14 02:21] (101) I'm running late
[2025-04-14 02:23] (102) Don't forget the meeting
[2025-04-14 02:27] (103) Thanks for your help
[2025-04-14 02:28] (105) I'm running late
[2025-04-14 02:32] (109) I'm running late
[2025-04-14 02:37] (103) See you soon!
[2025-04-14 02:38] (109) Great job today
[2025-04-14 02:43] (109) Great job today
[2025-04-14 02:44] (101) No worries, take care
[2025-04-14 02:45] (107) Don't forget the meeting
[2025-04-14 02:46] (104) I'm running late
[2025-04-14 02:49] (107) Let's meet at 5
[2025-04-14 02:51] (101) Happy birthday!
[2025-04-14 02:56] (103) I'll call you later
[2025-04-14 02:58] (109) How are you?
[2025-04-14 03:00] (101) No worries, take care
[2025-04-14 03:03] (110) How are you?
[2025-04-14 03:04] (109) Can you send the file?
[2025-04-14 03:08] (106) Let's meet at 5
[2025-04-14 03:13] (110) See you soon!
[2025-04-14 03:15] (105) Don't forget the meeting
[2025-04-14 03:18] (102) No worries, take care
[2025-04-14 03:22] (106) Happy birthday!
[2025-04-14 03:26] (109) Can you send the file?
[2025-04-14 03:30] (106) Good morning everyone
[2025-04-14 03:34] (108) See you soon!
[2025-04-14 03:37] (104) All good here
[2025-04-14 03:39] (102) No worries, take care
[2025-04-14 03:40] (109) Good morning everyone
[2025-04-14 03:41] (102) Hello there
[2025-04-14 03:44] (106) No worries, take care
[2025-04-14 03:49] (102) Good morning everyone
[2025-04-14 03:50] (105) Great job today
[2025-04-14 03:55] (104) Happy birthday!
[2025-04-14 03:58] (108) I'm running late
[2025-04-14 04:00] (104) Let's meet at 5
[2025-04-14 04:02] (104) Good morning everyone
[2025-04-14 04:03] (102) See you soon!
[2025-04-14 04:06] (108) Good morning everyone
[2025-04-14 04:08] (106) All good here
[2025-04-14 04:13] (110) I'm running late
[2025-04-14 04:17] (107) Don't forget the meeting
[2025-04-14 04:19] (102) What time is the event?
[2025-04-14 04:21] (103) No worries, take care
[2025-04-14 04:22] (103) Good morning everyone
[2025-04-14 04:23] (107) Don't forget the meeting
[2025-04-14 04:26] (105) All good here
[2025-04-14 04:28] (106) I'm running late
[2025-04-14 04:31] (109) Don't forget the meeting
[2025-04-14 04:33] (102) Can you send the file?
[2025-04-14 04:35] (107) No worries, take care
[2025-04-14 04:38] (109) What time is the event?
[2025-04-14 04:40] (102) Don't forget the meeting
[2025-04-14 04:45] (109) All good here
[2025-04-14 04:48] (108) I'll call you later
[2025-04-14 04:53] (102) I'm running late
[2025-04-14 04:56] (101) All good here
[2025-04-14 04:57] (105) All good here
[2025-04-14 05:01] (102) All good here
[2025-04-14 05:06] (102) I'm running late
[2025-04-14 05:10] (101) Let's meet at 5
[2025-04-14 05:12] (102) Great job today
[2025-04-14 05:17] (104) See you soon!
[2025-04-14 05:21] (106) Good morning everyone
[2025-04-14 05:24] (101) Don't forget the meeting
[2025-04-14 05:28] (104) What time is the event?
[2025-04-14 05:29] (106) No worries, take care
[2025-04-14 05:34] (107) No worries, take care
[2025-04-14 05:35] (109) I'll call you later
[2025-04-14 05:39] (102) I'll call you later
[2025-04-14 05:43] (104) Happy birthday!
[2025-04-14 05:45] (110) I'll call you later
[2025-04-14 05:50] (108) I'll call you later
[2025-04-14 05:54] (106) Thanks for your help
[2025-04-14 05:57] (104) Don't forget the meeting
[2025-04-14 06:00] (110) Let's meet at 5
[2025-04-14 06:01] (105) Good morning everyone
[2025-04-14 06:06] (106) How are you?
[2025-04-14 06:09] (103) See you soon!
[2025-04-14 06:13] (109) Great job today
[2025-04-14 06:17] (110) Good morning everyone
[2025-04-14 06:18] (104) Let's meet at 5
[2025-04-14 06:23] (110) Can you send the file?
[2025-04-14 06:24] (106) Hello there
[2025-04-14 06:26] (103) Don't forget the meeting
[2025-04-14 06:27] (102) I'll call you later
[2025-04-14 06:30] (110) What time is the event?
[2025-04-14 06:34] (107) All good here
[2025-04-14 06:39] (106) I'm running late
[2025-04-14 06:43] (101) Can you send the file?
[2025-04-14 06:45] (110) Hello there
[2025-04-14 06:49] (109) Can you send the file?
[2025-04-14 06:52] (109) Thanks for your help
[2025-04-14 06:57] (102) How are you?
[2025-04-14 07:01] (103) All good here
[2025-04-14 07:04] (106) I'll call you later
[2025-04-14 07:06] (104) Hello there
[2025-04-14 07:09] (101) Can you send the file?
[2025-04-14 07:11] (103) Can you send the file?
[2025-04-14 07:12] (110) Thanks for your help
[2025-04-14 07:17] (106) I'll call you later
[2025-04-14 07:22] (108) I'm running late
[2025-04-14 07:23] (102) Thanks for your help
[2025-04-14 07:26] (110) All good here
[2025-04-14 07:28] (102) What time is the event?
[2025-04-14 07:33] (107) No worries, take care
[2025-04-14 07:37] (108) Good morning everyone
[2025-04-14 07:40] (109) Happy birthday!
[2025-04-14 07:44] (106) No worries, take care
[2025-04-14 07:49] (107) Let's meet at 5
[2025-04-14 07:54] (102) See you soon!
[2025-04-14 07:55] (105) Let's meet at 5
[2025-04-14 07:59] (101) I'm running late
[2025-04-14 08:01] (105) Happy birthday!
[2025-04-14 08:06] (110) Great job today
[2025-04-14 08:11] (108) Let's meet at 5
[2025-04-14 08:15] (101) Good morning everyone
[2025-04-14 08:19] (104) What time is the event?
[2025-04-14 08:20] (109) All good here
[2025-04-14 08:24] (107) Hello there
[2025-04-14 08:27] (107) Don't forget the meeting
[2025-04-14 08:31] (108) Great job today
[2025-04-14 08:33] (102) Let's meet at 5
[2025-04-14 08:37] (110) Let's meet at 5
[2025-04-14 08:42] (104) Thanks for your help
[2025-04-14 08:43] (110) I'll call you later
[2025-04-14 08:44] (106) Thanks for your help
[2025-04-14 08:49] (103) No worries, take care
[2025-04-14 08:54] (104) Can you send the file?
[2025-04-14 08:56] (107) Don't forget the meeting
[2025-04-14 09:01] (107) Hello there
[2025-04-14 09:05] (105) Let's meet at 5
[2025-04-14 09:09] (101) No worries, take care
[2025-04-14 09:14] (103) What time is the event?
[2025-04-14 09:19] (101) Thanks for your help
[2025-04-14 09:22] (107) All good here
[2025-04-14 09:24] (106) Thanks for your help
[2025-04-14 09:27] (108) All good here
[2025-04-14 09:32] (103) Don't forget the meeting
[2025-04-14 09:37] (107) Happy birthday!
[2025-04-14 09:39] (101) Thanks for your help
[2025-04-14 09:43] (110) How are you?
[2025-04-14 09:48] (107) Great job today
[2025-04-14 09:52] (106) Can you send the file?
[2025-04-14 09:56] (109) All good here
[2025-04-14 10:00] (102) How are you?
[2025-04-14 10:03] (101) How are you?
[2025-04-14 10:06] (109) All good here
[2025-04-14 10:08] (102) No worries, take care
[2025-04-14 10:13] (105) What time is the event?
[2025-04-14 10:18] (103) What time is the event?
[2025-04-14 10:23] (105) See you soon!
[2025-04-14 10:28] (110) All good here
[2025-04-14 10:29] (108) I'm running late
[2025-04-14 10:34] (104) What time is the event?
[2025-04-14 10:35] (105) I'm running late
[2025-04-14 10:40] (102) Great job today
[2025-04-14 10:43] (105) Great job today
[2025-04-14 10:45] (106) See you soon!
[2025-04-14 10:50] (101) What time is the event?
[2025-04-14 10:55] (106) What time is the event?
[2025-04-14 10:56] (106) Let's meet at 5
[2025-04-14 10:58] (103) Good morning everyone
[2025-04-14 11:02] (109) Good morning everyone
[2025-04-14 11:04] (103) I'll call you later
[2025-04-14 11:06] (108) Great job today
[2025-04-14 11:10] (110) Don't forget the meeting
[2025-04-14 11:12] (101) Let's meet at 5
[2025-04-14 11:13] (108) I'll call you later
[2025-04-14 11:16] (109) I'm running late
[2025-04-14 11:17] (107) All good here
[2025-04-14 11:18] (104) How are you?
[2025-04-14 11:21] (105) I'll call you later
[2025-04-14 11:24] (107) No worries, take care
[2025-04-14 11:27] (108) No worries, take care
[2025-04-14 11:28] (101) All good here
[2025-04-14 11:32] (106) I'll call you later
[2025-04-14 11:33] (109) Can you send the file?
[2025-04-14 11:38] (102) No worries, take care
[2025-04-14 11:39] (104) Thanks for your help
[2025-04-14 11:44] (106) No worries, take care
[2025-04-14 11:48] (106) Let's meet at 5
[2025-04-14 11:51] (103) Let's meet at 5
[2025-04-14 11:55] (104) See you soon!
[2025-04-14 11:59] (105) Great job today
[2025-04-14 12:04] (102) Great job today
[2025-04-14 12:06] (107) Great job today
[2025-04-14 12:10] (107) No worries, take care
[2025-04-14 12:15] (101) I'm running late
[2025-04-14 12:18] (105) Thanks for your help
[2025-04-14 12:20] (104) Hello there
[2025-04-14 12:21] (106) Hello there
[2025-04-14 12:24] (104) Happy birthday!
[2025-04-14 12:29] (102) All good here
[2025-04-14 12:33] (101) Good morning everyone
[2025-04-14 12:35] (104) What time is the event?
[2025-04-14 12:37] (104) I'll call you later
[2025-04-14 12:38] (103) See you soon!
[2025-04-14 12:41] (102) No worries, take care
[2025-04-14 12:44] (102) How are you?
[2025-04-14 12:48] (105) I'll call you later
[2025-04-14 12:50] (110) Hello there
[2025-04-14 12:52] (109) Great job today
[2025-04-14 12:54] (102) Good morning everyone
[2025-04-14 12:59] (110) Happy birthday!
[2025-04-14 13:04] (104) Hello there
[2025-04-14 13:06] (103) See you soon!
[2025-04-14 13:09] (104) No worries, take care
[2025-04-14 13:12] (103) Let's meet at 5
[2025-04-14 13:13] (102) See you soon!
[2025-04-14 13:17] (103) No worries, take care
[2025-04-14 13:18] (106) I'll call you later
[2025-04-14 13:22] (107) Thanks for your help
[2025-04-14 13:27] (110) All good here
[2025-04-14 13:29] (108) I'm running late
[2025-04-14 13:33] (107) Great job today
[2025-04-14 13:37] (108) I'll call you later
[2025-04-14 13:41] (104) How are you?
[2025-04-14 13:46] (103) Great job today
[2025-04-14 13:48] (106) Good morning everyone
[2025-04-14 13:52] (101) Good morning everyone
[2025-04-14 13:53] (106) Don't forget the meeting
[2025-04-14 13:55] (104) All good here
[2025-04-14 13:58] (108) See you soon!
[2025-04-14 14:00] (106) How are you?
[2025-04-14 14:04] (106) All good here
[2025-04-14 14:08] (109) Happy birthday!
[2025-04-14 14:11] (110) I'm running late
[2025-04-14 14:12] (105) How are you?
[2025-04-14 14:14] (108) All good here
[2025-04-14 14:18] (102) I'll call you later
[2025-04-14 14:20] (109) Great job today
[2025-04-14 14:25] (104) All good here
[2025-04-14 14:29] (102) Great job today
[2025-04-14 14:34] (104) See you soon!
[2025-04-14 14:35] (101) How are you?
[2025-04-14 14:40] (105) I'll call you later
[2025-04-14 14:41] (110) Can you send the file?
[2025-04-14 14:43] (108) Good morning everyone
[2025-04-14 14:44] (103) I'm running late
[2025-04-14 14:47] (101) Great job today
[2025-04-14 14:49] (108) Thanks for your help
[2025-04-14 14:51] (106) I'm running late
[2025-04-14 14:52] (110) How are you?
[2025-04-14 14:56] (101) Can you send the file?
[2025-04-14 14:58] (101) I'm running late
[2025-04-14 15:01] (107) Don't forget the meeting
[2025-04-14 15:06] (102) How are you?
[2025-04-14 15:09] (105) How are you?
[2025-04-14 15:13] (107) Good morning everyone
[2025-04-14 15:14] (103) All good here
[2025-04-14 15:16] (102) Can you send the file?
[2025-04-14 15:19] (109) I'm running late
[2025-04-14 15:20] (110) See you soon!
[2025-04-14 15:21] (102) Don't forget the meeting
[2025-04-14 15:24] (103) Thanks for your help
[2025-04-14 15:25] (106) How are you?
[2025-04-14 15:28] (104) I'll call you later
[2025-04-14 15:32] (101) Great job today
[2025-04-14 15:36] (101) How are you?
[2025-04-14 15:39] (104) Great job today
[2025-04-14 15:44] (109) I'm running late
[2025-04-14 15:48] (106) Don't forget the meeting
[2025-04-14 15:53] (101) Good morning everyone
[2025-04-14 15:55] (101) Great job today
[2025-04-14 15:56] (102) Thanks for your help
[2025-04-14 15:59] (109) Let's meet at 5
[2025-04-14 16:02] (101) Let's meet at 5
[2025-04-14 16:06] (106) Hello there
[2025-04-14 16:11] (110) I'm running late
[2025-04-14 16:15] (102) How are you?
[2025-04-14 16:20] (105) Hello there
[2025-04-14 16:23] (109) Thanks for your help
[2025-04-14 16:24] (103) Can you send the file?
[2025-04-14 16:28] (110) Great job today
[2025-04-14 16:30] (105) I'll call you later
[2025-04-14 16:31] (107) Good morning everyone
[2025-04-14 16:34] (108) Don't forget the meeting
[2025-04-14 16:35] (105) Don't forget the meeting
[2025-04-14 16:37] (109) What time is the event?
[2025-04-14 16:41] (110) I'm running late
[2025-04-14 16:44] (107) Hello there
[2025-04-14 16:46] (107) How are you?
[2025-04-14 16:50] (103) Thanks for your help
[2025-04-14 16:53] (101) How are you?
[2025-04-14 16:58] (108) Don't forget the meeting
[2025-04-14 17:02] (104) I'm running late
[2025-04-14 17:04] (107) Can you send the file?
[2025-04-14 17:07] (104) I'm running late
[2025-04-14 17:10] (110) How are you?
[2025-04-14 17:11] (102) All good here
[2025-04-14 17:15] (108) All good here
[2025-04-14 17:16] (102) Let's meet at 5
[2025-04-14 17:17] (106) Don't forget the meeting
[2025-04-14 17:18] (102) Good morning everyone
[2025-04-14 17:21] (101) Good morning everyone
[2025-04-14 17:24] (104) Thanks for your help
[2025-04-14 17:25] (108) All good here
[2025-04-14 17:27] (104) I'm running late
[2025-04-14 17:29] (104) Can you send the file?
[2025-04-14 17:34] (110) Good morning everyone
[2025-04-14 17:36] (103) How are you?
[2025-04-14 17:38] (108) All good here
[2025-04-14 17:41] (101) Thanks for your help
[2025-04-14 17:45] (106) Hello there
[2025-04-14 17:50] (108) What time is the event?
[2025-04-14 17:53] (106) What time is the event?
[2025-04-14 17:57] (105) All good here
[2025-04-14 18:02] (110) All good here
[2025-04-14 18:07] (108) Let's meet at 5
[2025-04-14 18:08] (103) Don't forget the meeting
[2025-04-14 18:12] (101) See you soon!
[2025-04-14 18:16] (110) I'll call you later
[2025-04-14 18:18] (104) Can you send the file?
[2025-04-14 18:19] (107) Happy birthday!
[2025-04-14 18:23] (105) No worries, take care
[2025-04-14 18:25] (104) I'm running late
[2025-04-14 18:27] (103) Thanks for your help
[2025-04-14 18:28] (105) Hello there
[2025-04-14 18:32] (110) I'll call you later
[2025-04-14 18:34] (106) Great job today
[2025-04-14 18:39] (106) Hello there
[2025-04-14 18:42] (107) Can you send the file?
[2025-04-14 18:45] (110) Happy birthday!
[2025-04-14 18:49] (110) How are you?
[2025-04-14 18:54] (108) No worries, take care
[2025-04-14 18:55] (101) I'll call you later
[2025-04-14 19:00] (110) How are you?
[2025-04-14 19:05] (103) Don't forget the meeting
[2025-04-14 19:06] (105) Good morning everyone
[2025-04-14 19:09] (104) Great job today
[2025-04-14 19:14] (105) Hello there
[2025-04-14 19:15] (105) I'm running late
[2025-04-14 19:17] (103) Let's meet at 5
[2025-04-14 19:22] (102) Happy birthday!
[2025-04-14 19:27] (109) Can you send the file?
[2025-04-14 19:30] (108) Happy birthday!
[2025-04-14 19:32] (103) Great job today
[2025-04-14 19:33] (109) What time is the event?
[2025-04-14 19:35] (106) I'm running late
[2025-04-14 19:40] (110) Can you send the file?
[2025-04-14 19:44] (107) All good here
[2025-04-14 19:49] (107) No worries, take care
[2025-04-14 19:53] (108) Let's meet at 5
[2025-04-14 19:55] (103) I'm running late
[2025-04-14 19:56] (101) All good here
[2025-04-14 20:00] (109) I'm running late
[2025-04-14 20:05] (110) Great job today
[2025-04-14 20:10] (109) Happy birthday!
[2025-04-14 20:14] (103) See you soon!
[2025-04-14 20:18] (105) No worries, take care
[2025-04-14 20:21] (106) What time is the event?
[2025-04-14 20:22] (110) Don't forget the meeting
[2025-04-14 20:27] (103) See you soon!
[2025-04-14 20:28] (101) I'll call you later
[2025-04-14 20:29] (106) What time is the event?
[2025-04-14 20:33] (106) Thanks for your help
[2025-04-14 20:35] (102) Can you send the file?
[2025-04-14 20:39] (106) Good morning everyone
[2025-04-14 20:42] (109) I'm running late
[2025-04-14 20:43] (103) Let's meet at 5
[2025-04-14 20:46] (103) No worries, take care
[2025-04-14 20:49] (101) Thanks for your help
[2025-04-14 20:53] (107) What time is the event?
[2025-04-14 20:57] (108) Don't forget the meeting
[2025-04-14 20:58] (102) See you soon!
[2025-04-14 20:59] (107) Don't forget the meeting
[2025-04-14 21:03] (101) Good morning everyone
[2025-04-14 21:04] (109) Good morning everyone
[2025-04-14 21:09] (105) Good morning everyone
[2025-04-14 21:10] (105) I'll call you later
[2025-04-14 21:15] (106) All good here
[2025-04-14 21:19] (105) Great job today
[2025-04-14 21:23] (109) No worries, take care
[2025-04-14 21:28] (104) Good morning everyone
[2025-04-14 21:33] (109) No worries, take care
[2025-04-14 21:38] (101) Can you send the file?
[2025-04-14 21:41] (102) Thanks for your help
[2025-04-14 21:46] (108) I'm running late
[2025-04-14 21:48] (103) All good here
[2025-04-14 21:51] (105) Good morning everyone
[2025-04-14 21:52] (108) What time is the event?
[2025-04-14 21:53] (103) Happy birthday!
[2025-04-14 21:58] (108) Can you send the file?
[2025-04-14 22:00] (109) Good morning everyone
[2025-04-14 22:02] (106) Thanks for your help
[2025-04-14 22:07] (105) I'll call you later
[2025-04-14 22:10] (105) Hello there
[2025-04-14 22:13] (107) Happy birthday!
[2025-04-14 22:15] (102) Great job today
[2025-04-14 22:18] (103) Happy birthday!
[2025-04-14 22:21] (106) Great job today
[2025-04-14 22:25] (104) See you soon!
[2025-04-14 22:29] (104) Hello there
[2025-04-14 22:33] (110) I'll call you later
[2025-04-14 22:35] (108) Happy birthday!
[2025-04-14 22:38] (104) Thanks for your help
[2025-04-14 22:39] (101) Don't forget the meeting
[2025-04-14 22:40] (109) I'll call you later
[2025-04-14 22:43] (108) Let's meet at 5
[2025-04-14 22:44] (108) Let's meet at 5
[2025-04-14 22:49] (104) Great job today
[2025-04-14 22:51] (104) Thanks for your help
[2025-04-14 22:54] (105) Good morning everyone
[2025-04-14 22:57] (105) See you soon!
[2025-04-14 23:00] (110) Can you send the file?
[2025-04-14 23:02] (105) No worries, take care
[2025-04-14 23:03] (109) Happy birthday!
[2025-04-14 23:07] (103) I'll call you later
[2025-04-14 23:10] (101) I'm running late
[2025-04-14 23:13] (104) No worries, take care
[2025-04-14 23:16] (107) How are you?
[2025-04-14 23:20] (106) Hello there
[2025-04-14 23:22] (102) How are you?
[2025-04-14 23:23] (106) Can you send the file?
[2025-04-14 23:25] (103) Thanks for your help
[2025-04-14 23:28] (103) Hello there
[2025-04-14 23:32] (104) Happy birthday!
[2025-04-14 23:33] (108) Good morning everyone
[2025-04-14 23:34] (109) No worries, take care
[2025-04-14 23:37] (110) I'm running late
[2025-04-14 23:38] (110) How are you?
[2025-04-14 23:41] (106) All good here
[2025-04-14 23:45] (106) Great job today
[2025-04-14 23:48] (104) Thanks for your help
[2025-04-14 23:53] (107) No worries, take care
[2025-04-14 23:55] (109) No worries, take care
[2025-04-14 23:58] (103) See you soon!
[2025-04-15 00:02] (102) Let's meet at 5
[2025-04-15 00:06] (110) Let's meet at 5
[2025-04-15 00:07] (102) No worries, take care
[2025-04-15 00:11] (109) See you soon!
[2025-04-15 00:15] (108) What time is the event?
[2025-04-15 00:17] (107) All good here
[2025-04-15 00:22] (104) Let's meet at 5
[2025-04-15 00:24] (106) I'll call you later
[2025-04-15 00:29] (102) No worries, take care
[2025-04-15 00:34] (110) How are you?
[2025-04-15 00:39] (103) Thanks for your help
[2025-04-15 00:41] (104) No worries, take care
[2025-04-15 00:44] (110) I'll call you later
[2025-04-15 00:48] (101) What time is the event?
[2025-04-15 00:52] (101) I'm running late
[2025-04-15 00:54] (106) See you soon!
[2025-04-15 00:55] (104) Can you send the file?
[2025-04-15 00:58] (105) What time is the event?
[2025-04-15 00:59] (109) No worries, take care
[2025-04-15 01:00] (109) See you soon!
[2025-04-15 01:01] (107) No worries, take care
[2025-04-15 01:04] (107) No worries, take care
[2025-04-15 01:05] (103) Good morning everyone
[2025-04-15 01:09] (101) Thanks for your help
[2025-04-15 01:12] (106) How are you?
[2025-04-15 01:16] (110) Let's meet at 5
[2025-04-15 01:18] (106) Can you send the file?
[2025-04-15 01:21] (101) I'm running late
[2025-04-15 01:26] (106) No worries, take care
[2025-04-15 01:30] (103) Can you send the file?
[2025-04-15 01:34] (104) I'm running late
[2025-04-15 01:39] (101) Don't forget the meeting
[2025-04-15 01:43] (101) Let's meet at 5
[2025-04-15 01:47] (106) Happy birthday!
[2025-04-15 01:49] (103) Good morning everyone
[2025-04-15 01:51] (102) Don't forget the meeting
[2025-04-15 01:55] (101) Happy birthday!
[2025-04-15 02:00] (110) How are you?
[2025-04-15 02:05] (102) Great job today
[2025-04-15 02:08] (103) I'm running late
[2025-04-15 02:12] (101) Thanks for your help
[2025-04-15 02:14] (101) Hello there
[2025-04-15 02:19] (101) See you soon!
[2025-04-15 02:20] (102) Can you send the file?
[2025-04-15 02:23] (102) How are you?
[2025-04-15 02:24] (104) Let's meet at 5
[2025-04-15 02:28] (102) Don't forget the meeting
[2025-04-15 02:29] (102) Can you send the file?
[2025-04-15 02:30] (107) No worries, take care
[2025-04-15 02:32] (105) Let's meet at 5
[2025-04-15 02:34] (101) I'll call you later
[2025-04-15 02:38] (106) Don't forget the meeting
[2025-04-15 02:40] (106) What time is the event?
[2025-04-15 02:41] (110) No worries, take care
[2025-04-15 02:44] (104) Great job today
[2025-04-15 02:46] (103) All good here
[2025-04-15 02:48] (101) Great job today
[2025-04-15 02:52] (107) I'll call you later
[2025-04-15 02:56] (103) See you soon!
[2025-04-15 02:59] (106) How are you?
[2025-04-15 03:03] (106) Let's meet at 5
[2025-04-15 03:07] (109) What time is the event?
[2025-04-15 03:12] (110) How are you?
[2025-04-15 03:13] (107) How are you?
[2025-04-15 03:17] (103) See you soon!
[2025-04-15 03:19] (103) Let's meet at 5
[2025-04-15 03:21] (106) Great job today
[2025-04-15 03:23] (103) Great job today
[2025-04-15 03:24] (101) Let's meet at 5
[2025-04-15 03:27] (105) No worries, take care
[2025-04-15 03:30] (106) I'll call you later
[2025-04-15 03:33] (104) I'll call you later
[2025-04-15 03:36] (110) How are you?
[2025-04-15 03:37] (101) No worries, take care
[2025-04-15 03:40] (110) No worries, take care
[2025-04-15 03:41] (106) Great job today
[2025-04-15 03:46] (104) Let's meet at 5
[2025-04-15 03:50] (102) Good morning everyone
[2025-04-15 03:54] (102) What time is the event?
[2025-04-15 03:55] (102) How are you?
[2025-04-15 03:57] (109) How are you?
[2025-04-15 04:00] (104) I'm running late
[2025-04-15 04:02] (103) Let's meet at 5
[2025-04-15 04:05] (106) Don't forget the meeting
[2025-04-15 04:08] (107) How are you?
[2025-04-15 04:10] (110) Don't forget the meeting
[2025-04-15 04:13] (108) Let's meet at 5
[2025-04-15 04:18] (102) How are you?
[2025-04-15 04:19] (107) Don't forget the meeting
[2025-04-15 04:23] (108) How are you?
[2025-04-15 04:25] (107) I'm running late
[2025-04-15 04:28] (110) How are you?
[2025-04-15 04:30] (110) What time is the event?
[2025-04-15 04:31] (106) Great job today
[2025-04-15 04:36] (106) Can you send the file?
[2025-04-15 04:41] (105) I'll call you later
[2025-04-15 04:46] (103) How are you?
[2025-04-15 04:51] (109) Happy birthday!
[2025-04-15 04:56] (105) How are you?
[2025-04-15 04:58] (109) Hello there
[2025-04-15 05:02] (102) Good morning everyone
[2025-04-15 05:04] (105) Can you send the file?
[2025-04-15 05:06] (103) I'll call you later
[2025-04-15 05:10] (107) Great job today
[2025-04-15 05:11] (107) Happy birthday!
[2025-04-15 05:14] (104) No worries, take care
[2025-04-15 05:16] (103) No worries, take care
[2025-04-15 05:19] (106) See you soon!
[2025-04-15 05:20] (107) How are you?
[2025-04-15 05:21] (102) Let's meet at 5
[2025-04-15 05:25] (104) Happy birthday!
[2025-04-15 05:30] (108) Let's meet at 5
[2025-04-15 05:33] (108) Don't forget the meeting
[2025-04-15 05:35] (103) Happy birthday!
[2025-04-15 05:37] (109) Happy birthday!
[2025-04-15 05:38] (109) Happy birthday!
[2025-04-15 05:39] (105) How are you?
[2025-04-15 05:40] (104) Don't forget the meeting
[2025-04-15 05:45] (105) See you soon!
[2025-04-15 05:47] (110) Let's meet at 5
[2025-04-15 05:50] (104) No worries, take care
[2025-04-15 05:52] (105) I'm running late
[2025-04-15 05:55] (104) See you soon!
[2025-04-15 05:56] (103) Hello there
[2025-04-15 05:57] (103) Great job today
[2025-04-15 05:58] (103) Let's meet at 5
[2025-04-15 06:01] (104) How are you?
[2025-04-15 06:03] (106) Can you send the file?
[2025-04-15 06:07] (102) I'm running late
[2025-04-15 06:11] (108) See you soon!
[2025-04-15 06:14] (105) I'll call you later
[2025-04-15 06:16] (104) How are you?
[2025-04-15 06:21] (106) Good morning everyone
[2025-04-15 06:23] (101) All good here
[2025-04-15 06:24] (110) Great job today
[2025-04-15 06:29] (107) I'll call you later
[2025-04-15 06:30] (109) What time is the event?
[2025-04-15 06:31] (109) Good morning everyone
[2025-04-15 06:33] (106) What time is the event?
[2025-04-15 06:38] (105) No worries, take care
[2025-04-15 06:41] (108) Good morning everyone
[2025-04-15 06:43] (104) What time is the event?
[2025-04-15 06:47] (110) All good here
[2025-04-15 06:48] (109) Good morning everyone
[2025-04-15 06:52] (107) Don't forget the meeting
[2025-04-15 06:55] (109) Happy birthday!
[2025-04-15 06:56] (109) No worries, take care
[2025-04-15 06:57] (109) Let's meet at 5
[2025-04-15 07:02] (106) Good morning everyone
[2025-04-15 07:05] (107) How are you?
[2025-04-15 07:06] (108) What time is the event?
[2025-04-15 07:09] (102) Good morning everyone
[2025-04-15 07:14] (104) Thanks for your help
[2025-04-15 07:19] (104) I'm running late
[2025-04-15 07:20] (109) I'm running late
[2025-04-15 07:22] (107) Can you send the file?
[2025-04-15 07:24] (110) How are you?
[2025-04-15 07:26] (105) Hello there
[2025-04-15 07:30] (110) See you soon!
[2025-04-15 07:35] (101) Can you send the file?
[2025-04-15 07:38] (106) No worries, take care
[2025-04-15 07:43] (103) How are you?
[2025-04-15 07:44] (105) I'll call you later
[2025-04-15 07:46] (101) Don't forget the meeting
[2025-04-15 07:49] (107) All good here
[2025-04-15 07:53] (104) Great job today
[2025-04-15 07:57] (103) Great job today
[2025-04-15 07:58] (103) Good morning everyone
[2025-04-15 07:59] (101) I'll call you later
[2025-04-15 08:03] (109) Great job today
[2025-04-15 08:06] (102) How are you?
[2025-04-15 08:07] (105) Don't forget the meeting
[2025-04-15 08:12] (103) I'll call you later
[2025-04-15 08:13] (106) Happy birthday!
[2025-04-15 08:17] (101) Don't forget the meeting
[2025-04-15 08:22] (107) I'll call you later
[2025-04-15 08:25] (105) Happy birthday!
[2025-04-15 08:30] (103) Let's meet at 5
[2025-04-15 08:31] (103) I'm running late
[2025-04-15 08:34] (110) Can you send the file?
[2025-04-15 08:36] (106) Thanks for your help
[2025-04-15 08:40] (103) Thanks for your help
[2025-04-15 08:45] (108) Let's meet at 5
[2025-04-15 08:47] (101) I'll call you later
[2025-04-15 08:52] (109) Can you send the file?
[2025-04-15 08:56] (102) Great job today
[2025-04-15 09:00] (102) Good morning everyone
[2025-04-15 09:03] (102) Good morning everyone
[2025-04-15 09:08] (105) Can you send the file?
[2025-04-15 09:11] (101) I'm running late
[2025-04-15 09:16] (102) Can you send the file?
[2025-04-15 09:19] (104) I'm running late
[2025-04-15 09:24] (109) Can you send the file?
[2025-04-15 09:28] (101) I'm running late
[2025-04-15 09:31] (104) No worries, take care
[2025-04-15 09:36] (108) I'm running late
[2025-04-15 09:39] (108) Can you send the file?
[2025-04-15 09:42] (106) No worries, take care
[2025-04-15 09:44] (101) What time is the event?
[2025-04-15 09:47] (108) Thanks for your help
[2025-04-15 09:48] (104) Let's meet at 5